
Requirement already satisfied: pip in ./.venv/lib/python3.14/site-packages (26.1.1)
Requirement already satisfied: fastapi in ./.venv/lib/python3.14/site-packages (0.136.3)
Requirement already satisfied: uvicorn in ./.venv/lib/python3.14/site-packages (0.48.0)
Requirement already satisfied: pydantic in ./.venv/lib/python3.14/site-packages (2.13.4)
Requirement already satisfied: hypothesis in ./.venv/lib/python3.14/site-packages (6.155.1)
Requirement already satisfied: diagrams in ./.venv/lib/python3.14/site-packages (0.25.1)
Requirement already satisfied: requests in ./.venv/lib/python3.14/site-packages (2.34.2)
Requirement already satisfied: httpx in ./.venv/lib/python3.14/site-packages (0.28.1)
Requirement already satisfied: starlette>=0.46.0 in ./.venv/lib/python3.14/site-packages (from fastapi) (1.2.1)
Requirement already satisfied: typing-extensions>=4.8.0 in ./.venv/lib/python3.14/site-packages (from fastapi) (4.15.0)
Requirement already satisfied: typing-inspection>=0.4.2 in ./.venv/lib/python3.14/site-packages (from fastapi) (0.4.2)
Requirement already satisfied: annotated-doc>=0.0.2 in ./.venv/lib/python3.14/site-packages (from fastapi) (0.0.4)
Requirement already satisfied: click>=7.0 in ./.venv/lib/python3.14/site-packages (from uvicorn) (8.4.1)
Requirement already satisfied: h11>=0.8 in ./.venv/lib/python3.14/site-packages (from uvicorn) (0.16.0)
Requirement already satisfied: annotated-types>=0.6.0 in ./.venv/lib/python3.14/site-packages (from pydantic) (0.7.0)
Requirement already satisfied: pydantic-core==2.46.4 in ./.venv/lib/python3.14/site-packages (from pydantic) (2.46.4)
Requirement already satisfied: sortedcontainers<3.0.0,>=2.1.0 in ./.venv/lib/python3.14/site-packages (from hypothesis) (2.4.0)
Requirement already satisfied: graphviz<0.21.0,>=0.13.2 in ./.venv/lib/python3.14/site-packages (from diagrams) (0.20.3)
Requirement already satisfied: jinja2<4.0,>=2.10 in ./.venv/lib/python3.14/site-packages (from diagrams) (3.1.6)
Requirement already satisfied: pre-commit<5,>=4.0.1 in ./.venv/lib/python3.14/site-packages (from diagrams) (4.6.0)
Requirement already satisfied: MarkupSafe>=2.0 in ./.venv/lib/python3.14/site-packages (from jinja2<4.0,>=2.10->diagrams) (3.0.3)
Requirement already satisfied: cfgv>=2.0.0 in ./.venv/lib/python3.14/site-packages (from pre-commit<5,>=4.0.1->diagrams) (3.5.0)
Requirement already satisfied: identify>=1.0.0 in ./.venv/lib/python3.14/site-packages (from pre-commit<5,>=4.0.1->diagrams) (2.6.19)
Requirement already satisfied: nodeenv>=0.11.1 in ./.venv/lib/python3.14/site-packages (from pre-commit<5,>=4.0.1->diagrams) (1.10.0)
Requirement already satisfied: pyyaml>=5.1 in ./.venv/lib/python3.14/site-packages (from pre-commit<5,>=4.0.1->diagrams) (6.0.3)
Requirement already satisfied: virtualenv>=20.10.0 in ./.venv/lib/python3.14/site-packages (from pre-commit<5,>=4.0.1->diagrams) (21.4.1)
Requirement already satisfied: charset_normalizer<4,>=2 in ./.venv/lib/python3.14/site-packages (from requests) (3.4.7)
Requirement already satisfied: idna<4,>=2.5 in ./.venv/lib/python3.14/site-packages (from requests) (3.17)
Requirement already satisfied: urllib3<3,>=1.26 in ./.venv/lib/python3.14/site-packages (from requests) (2.7.0)
Requirement already satisfied: certifi>=2023.5.7 in ./.venv/lib/python3.14/site-packages (from requests) (2026.5.20)
Requirement already satisfied: anyio in ./.venv/lib/python3.14/site-packages (from httpx) (4.13.0)
Requirement already satisfied: httpcore==1.* in ./.venv/lib/python3.14/site-packages (from httpx) (1.0.9)
Requirement already satisfied: distlib<1,>=0.3.7 in ./.venv/lib/python3.14/site-packages (from virtualenv>=20.10.0->pre-commit<5,>=4.0.1->diagrams) (0.4.0)
Requirement already satisfied: filelock<4,>=3.24.2 in ./.venv/lib/python3.14/site-packages (from virtualenv>=20.10.0->pre-commit<5,>=4.0.1->diagrams) (3.29.0)
Requirement already satisfied: platformdirs<5,>=3.9.1 in ./.venv/lib/python3.14/site-packages (from virtualenv>=20.10.0->pre-commit<5,>=4.0.1->diagrams) (4.10.0)
Requirement already satisfied: python-discovery>=1.4 in ./.venv/lib/python3.14/site-packages (from virtualenv>=20.10.0->pre-commit<5,>=4.0.1->diagrams) (1.4.0)
=== Generating Cortex Search Zero-Trust Architecture Diagram ===
Success: Diagram rendered to 'cortex_architecture.png'
INFO:     Started server process [2626317]
INFO:     Waiting for application startup.
INFO:     Application startup complete.
INFO:     Uvicorn running on http://127.0.0.1:10005 (Press CTRL+C to quit)
INFO:     127.0.0.1:47126 - "GET /docs HTTP/1.1" 200 OK
INFO:     127.0.0.1:47132 - "GET /search?q=strategy&filter_mode=pre-filter HTTP/1.1" 200 OK
INFO:     127.0.0.1:47144 - "GET /search?q=public&filter_mode=pre-filter HTTP/1.1" 200 OK
INFO:     127.0.0.1:47160 - "GET /search?q=strategy&filter_mode=pre-filter HTTP/1.1" 200 OK
INFO:     127.0.0.1:47168 - "GET /search?q=strategy&filter_mode=no-filter HTTP/1.1" 200 OK
INFO:     127.0.0.1:47180 - "GET /search?q=*&filter_mode=post-filter HTTP/1.1" 200 OK
INFO:     127.0.0.1:47196 - "GET /search?q=*&filter_mode=pre-filter HTTP/1.1" 200 OK
